spike-android/build/intermediates/manifest_merge_blame_file/debug/processDebugMainManifest/manifest-merger-blame-debug-report.txt
1<?xml version="1.0" encoding="utf-8"?>
2<manifest xmlns:android="http://schemas.android.com/apk/res/android"
3    package="com.wjthinkbig.studymeet.spike"
4    android:versionCode="1"
5    android:versionName="0.1" >
6
7    <uses-sdk
7-->INJECTED
8        android:minSdkVersion="26"
8-->INJECTED
9        android:targetSdkVersion="36" />
9-->INJECTED
10
11    <uses-permission android:name="android.permission.INTERNET" />
11-->src\main\AndroidManifest.xml:4:5-67
11-->src\main\AndroidManifest.xml:4:22-64
12    <uses-permission android:name="android.permission.CAMERA" />
12-->src\main\AndroidManifest.xml:5:5-65
12-->src\main\AndroidManifest.xml:5:22-62
13    <uses-permission android:name="android.permission.RECORD_AUDIO" />
13-->src\main\AndroidManifest.xml:6:5-71
13-->src\main\AndroidManifest.xml:6:22-68
14    <uses-permission android:name="android.permission.MODIFY_AUDIO_SETTINGS" />
14-->src\main\AndroidManifest.xml:7:5-80
14-->src\main\AndroidManifest.xml:7:22-77
15    <uses-permission android:name="android.permission.POST_NOTIFICATIONS" />
15-->src\main\AndroidManifest.xml:8:5-77
15-->src\main\AndroidManifest.xml:8:22-74
16    <uses-permission android:name="android.permission.FOREGROUND_SERVICE" />
16-->src\main\AndroidManifest.xml:9:5-77
16-->src\main\AndroidManifest.xml:9:22-74
17    <uses-permission android:name="android.permission.FOREGROUND_SERVICE_CAMERA" />
17-->src\main\AndroidManifest.xml:10:5-84
17-->src\main\AndroidManifest.xml:10:22-81
18    <uses-permission android:name="android.permission.FOREGROUND_SERVICE_MICROPHONE" />
18-->src\main\AndroidManifest.xml:11:5-88
18-->src\main\AndroidManifest.xml:11:22-85
19
20    <uses-feature
20-->src\main\AndroidManifest.xml:13:5-88
21        android:name="android.hardware.camera.any"
21-->src\main\AndroidManifest.xml:13:19-61
22        android:required="true" />
22-->src\main\AndroidManifest.xml:13:62-85
23    <uses-feature
23-->src\main\AndroidManifest.xml:14:5-96
24        android:name="android.software.picture_in_picture"
24-->src\main\AndroidManifest.xml:14:19-69
25        android:required="true" />
25-->src\main\AndroidManifest.xml:14:70-93
26
27    <uses-permission android:name="android.permission.ACCESS_NETWORK_STATE" />
27-->[io.livekit:livekit-android:2.27.0] AndroidManifest.xml:22:5-79
27-->[io.livekit:livekit-android:2.27.0] AndroidManifest.xml:22:22-76
28    <uses-permission android:name="android.permission.FOREGROUND_SERVICE_MEDIA_PROJECTION" />
28-->[io.livekit:livekit-android:2.27.0] AndroidManifest.xml:27:5-94
28-->[io.livekit:livekit-android:2.27.0] AndroidManifest.xml:27:22-91
29
30    <permission
30-->[androidx.core:core:1.18.0] AndroidManifest.xml:22:5-24:47
31        android:name="com.wjthinkbig.studymeet.spike.DYNAMIC_RECEIVER_NOT_EXPORTED_PERMISSION"
31-->[androidx.core:core:1.18.0] AndroidManifest.xml:23:9-81
32        android:protectionLevel="signature" />
32-->[androidx.core:core:1.18.0] AndroidManifest.xml:24:9-44
33
34    <uses-permission android:name="com.wjthinkbig.studymeet.spike.DYNAMIC_RECEIVER_NOT_EXPORTED_PERMISSION" />
34-->[androidx.core:core:1.18.0] AndroidManifest.xml:26:5-97
34-->[androidx.core:core:1.18.0] AndroidManifest.xml:26:22-94
35    <uses-permission
35-->[com.github.davidliu:audioswitch:039a35aefab7747c557242fa216c9ea11743b604] AndroidManifest.xml:7:5-9:38
36        android:name="android.permission.BLUETOOTH"
36-->[com.github.davidliu:audioswitch:039a35aefab7747c557242fa216c9ea11743b604] AndroidManifest.xml:8:9-52
37        android:maxSdkVersion="30" />
37-->[com.github.davidliu:audioswitch:039a35aefab7747c557242fa216c9ea11743b604] AndroidManifest.xml:9:9-35
38
39    <application
39-->src\main\AndroidManifest.xml:16:5-34:19
40        android:appComponentFactory="androidx.core.app.CoreComponentFactory"
40-->[androidx.core:core:1.18.0] AndroidManifest.xml:28:18-86
41        android:debuggable="true"
42        android:extractNativeLibs="false"
42-->INJECTED
43        android:label="StudyMeet Spike"
43-->src\main\AndroidManifest.xml:17:9-40
44        android:supportsRtl="true"
44-->src\main\AndroidManifest.xml:18:9-35
45        android:theme="@style/Theme.Material3.DayNight.NoActionBar" >
45-->src\main\AndroidManifest.xml:19:9-68
46        <activity
46-->src\main\AndroidManifest.xml:21:9-32:20
47            android:name="com.wjthinkbig.studymeet.spike.SpikeActivity"
47-->src\main\AndroidManifest.xml:22:13-42
48            android:configChanges="screenSize|smallestScreenSize|screenLayout|orientation|keyboardHidden"
48-->src\main\AndroidManifest.xml:27:13-106
49            android:exported="true"
49-->src\main\AndroidManifest.xml:23:13-36
50            android:resizeableActivity="true"
50-->src\main\AndroidManifest.xml:25:13-46
51            android:screenOrientation="landscape"
51-->src\main\AndroidManifest.xml:26:13-50
52            android:supportsPictureInPicture="true" >
52-->src\main\AndroidManifest.xml:24:13-52
53            <intent-filter>
53-->src\main\AndroidManifest.xml:28:13-31:29
54                <action android:name="android.intent.action.MAIN" />
54-->src\main\AndroidManifest.xml:29:17-69
54-->src\main\AndroidManifest.xml:29:25-66
55
56                <category android:name="android.intent.category.LAUNCHER" />
56-->src\main\AndroidManifest.xml:30:17-77
56-->src\main\AndroidManifest.xml:30:27-74
57            </intent-filter>
58        </activity>
59
60        <service
60-->[io.livekit:livekit-android:2.27.0] AndroidManifest.xml:30:9-34:43
61            android:name="io.livekit.android.room.track.screencapture.ScreenCaptureService"
61-->[io.livekit:livekit-android:2.27.0] AndroidManifest.xml:31:13-92
62            android:enabled="true"
62-->[io.livekit:livekit-android:2.27.0] AndroidManifest.xml:32:13-35
63            android:foregroundServiceType="mediaProjection"
63-->[io.livekit:livekit-android:2.27.0] AndroidManifest.xml:33:13-60
64            android:stopWithTask="true" />
64-->[io.livekit:livekit-android:2.27.0] AndroidManifest.xml:34:13-40
65
66        <provider
66-->[androidx.emoji2:emoji2:1.2.0] AndroidManifest.xml:24:9-32:20
67            android:name="androidx.startup.InitializationProvider"
67-->[androidx.emoji2:emoji2:1.2.0] AndroidManifest.xml:25:13-67
68            android:authorities="com.wjthinkbig.studymeet.spike.androidx-startup"
68-->[androidx.emoji2:emoji2:1.2.0] AndroidManifest.xml:26:13-68
69            android:exported="false" >
69-->[androidx.emoji2:emoji2:1.2.0] AndroidManifest.xml:27:13-37
70            <meta-data
70-->[androidx.emoji2:emoji2:1.2.0] AndroidManifest.xml:29:13-31:52
71                android:name="androidx.emoji2.text.EmojiCompatInitializer"
71-->[androidx.emoji2:emoji2:1.2.0] AndroidManifest.xml:30:17-75
72                android:value="androidx.startup" />
72-->[androidx.emoji2:emoji2:1.2.0] AndroidManifest.xml:31:17-49
73            <meta-data
73-->[androidx.lifecycle:lifecycle-process:2.6.2] AndroidManifest.xml:29:13-31:52
74                android:name="androidx.lifecycle.ProcessLifecycleInitializer"
74-->[androidx.lifecycle:lifecycle-process:2.6.2] AndroidManifest.xml:30:17-78
75                android:value="androidx.startup" />
75-->[androidx.lifecycle:lifecycle-process:2.6.2] AndroidManifest.xml:31:17-49
76            <meta-data
76-->[androidx.profileinstaller:profileinstaller:1.3.0] AndroidManifest.xml:29:13-31:52
77                android:name="androidx.profileinstaller.ProfileInstallerInitializer"
77-->[androidx.profileinstaller:profileinstaller:1.3.0] AndroidManifest.xml:30:17-85
78                android:value="androidx.startup" />
78-->[androidx.profileinstaller:profileinstaller:1.3.0] AndroidManifest.xml:31:17-49
79        </provider>
80
81        <receiver
81-->[androidx.profileinstaller:profileinstaller:1.3.0] AndroidManifest.xml:34:9-52:20
82            android:name="androidx.profileinstaller.ProfileInstallReceiver"
82-->[androidx.profileinstaller:profileinstaller:1.3.0] AndroidManifest.xml:35:13-76
83            android:directBootAware="false"
83-->[androidx.profileinstaller:profileinstaller:1.3.0] AndroidManifest.xml:36:13-44
84            android:enabled="true"
84-->[androidx.profileinstaller:profileinstaller:1.3.0] AndroidManifest.xml:37:13-35
85            android:exported="true"
85-->[androidx.profileinstaller:profileinstaller:1.3.0] AndroidManifest.xml:38:13-36
86            android:permission="android.permission.DUMP" >
86-->[androidx.profileinstaller:profileinstaller:1.3.0] AndroidManifest.xml:39:13-57
87            <intent-filter>
87-->[androidx.profileinstaller:profileinstaller:1.3.0] AndroidManifest.xml:40:13-42:29
88                <action android:name="androidx.profileinstaller.action.INSTALL_PROFILE" />
88-->[androidx.profileinstaller:profileinstaller:1.3.0] AndroidManifest.xml:41:17-91
88-->[androidx.profileinstaller:profileinstaller:1.3.0] AndroidManifest.xml:41:25-88
89            </intent-filter>
90            <intent-filter>
90-->[androidx.profileinstaller:profileinstaller:1.3.0] AndroidManifest.xml:43:13-45:29
91                <action android:name="androidx.profileinstaller.action.SKIP_FILE" />
91-->[androidx.profileinstaller:profileinstaller:1.3.0] AndroidManifest.xml:44:17-85
91-->[androidx.profileinstaller:profileinstaller:1.3.0] AndroidManifest.xml:44:25-82
92            </intent-filter>
93            <intent-filter>
93-->[androidx.profileinstaller:profileinstaller:1.3.0] AndroidManifest.xml:46:13-48:29
94                <action android:name="androidx.profileinstaller.action.SAVE_PROFILE" />
94-->[androidx.profileinstaller:profileinstaller:1.3.0] AndroidManifest.xml:47:17-88
94-->[androidx.profileinstaller:profileinstaller:1.3.0] AndroidManifest.xml:47:25-85
95            </intent-filter>
96            <intent-filter>
96-->[androidx.profileinstaller:profileinstaller:1.3.0] AndroidManifest.xml:49:13-51:29
97                <action android:name="androidx.profileinstaller.action.BENCHMARK_OPERATION" />
97-->[androidx.profileinstaller:profileinstaller:1.3.0] AndroidManifest.xml:50:17-95
97-->[androidx.profileinstaller:profileinstaller:1.3.0] AndroidManifest.xml:50:25-92
98            </intent-filter>
99        </receiver>
100    </application>
101
102</manifest>